<?xml version="1.0" encoding="UTF-8" ?>
<testsuite tests="3" failures="0" name="org.argentinaprograma.validadorDeCorrelativas.InscripcionTest" time="0.055" errors="0" skipped="0">
  <properties>
[...]
</properties>
  <testcase classname="org.argentinaprograma.validadorDeCorrelativas.InscripcionTest" name="validarInscripcionDeMateriaSinCorrelativas" time="0.055"/>
  <testcase classname="org.argentinaprograma.validadorDeCorrelativas.InscripcionTest" name="validarInscripcionDeMateriaConCorrelativasYQueElAlumnoNoLasTenga" time="0"/>
  <testcase classname="org.argentinaprograma.validadorDeCorrelativas.InscripcionTest" name="validarInscripcionDeMateriaConCorrelativasYQueElAlumnoLasTenga" time="0"/>
</testsuite>